<?xml version="1.0" encoding="UTF-8"?>
<!-- Generated by org.testng.reporters.JUnitReportReporter -->
<testsuite hostname="Hagar-Hussein" failures="0" tests="2" name="Tests.CompanyTests" time="16.219" errors="0" timestamp="2021-08-09T23:58:12 EET" skipped="0">
  <testcase classname="Tests.CompanyTests" name="UserCanOpenCompany" time="10.816"/>
  <system-out/>
  <testcase classname="Tests.CompanyTests" name="OpenFacebook" time="5.403"/>
  <system-out/>
</testsuite> <!-- Tests.CompanyTests -->
