<?xml version="1.0" encoding="UTF-8"?>
<!-- Generated by org.testng.reporters.JUnitReportReporter -->
<testsuite hostname="Hagar-Hussein" failures="0" tests="1" name="Tests.TestBase" time="53.610" errors="0" timestamp="2021-08-07T16:03:44 EET" skipped="0">
  <testcase classname="Tests.TestBase" name="startDriver" time="53.610"/>
  <system-out/>
</testsuite> <!-- Tests.TestBase -->
