<?xml version="1.0" encoding="UTF-8"?>
<!-- Generated by org.testng.reporters.JUnitReportReporter -->
<testsuite hostname="Hagar-Hussein" failures="0" tests="1" name="Tests.ContactUsTests" time="14.933" errors="0" timestamp="2021-08-09T23:58:12 EET" skipped="0">
  <testcase classname="Tests.ContactUsTests" name="UserCanNotSendInvalidContactUsReqest" time="14.933"/>
  <system-out/>
</testsuite> <!-- Tests.ContactUsTests -->
