<?xml version="1.0" encoding="UTF-8"?>
<!-- Generated by org.testng.reporters.JUnitReportReporter -->
<testsuite hostname="Hagar-Hussein" failures="0" tests="5" name="Tests.CareersTests" time="40.159" errors="0" timestamp="2021-08-09T23:58:12 EET" skipped="0">
  <testcase classname="Tests.CareersTests" name="checkThatCheckOurOpenPositionsCanBeOpened" time="17.184"/>
  <system-out/>
  <testcase classname="Tests.CareersTests" name="checkThatTheUserCanFilterOpenPositions" time="6.138"/>
  <system-out/>
  <testcase classname="Tests.CareersTests" name="checkThatTheUserCanNotApplyForPositionWithInvalidEmail" time="2.645"/>
  <system-out/>
  <testcase classname="Tests.CareersTests" name="checkThatTheUserCanNotApplyForPositionWithEmptyRequiredFields" time="1.590"/>
  <system-out/>
  <testcase classname="Tests.CareersTests" name="checkThatTheUserCanSearchOpenPositionInEachCity" time="12.602"/>
  <system-out/>
</testsuite> <!-- Tests.CareersTests -->
